<?xml version="1.0" encoding="UTF-8"?>
<testng-results skipped="0" failed="0" ignored="0" total="1" passed="1">
  <reporter-output>
  </reporter-output>
  <suite name="Default suite" duration-ms="18347" started-at="2020-07-09T09:07:53 CDT" finished-at="2020-07-09T09:08:11 CDT">
    <groups>
    </groups>
    <test name="Default test" duration-ms="18347" started-at="2020-07-09T09:07:53 CDT" finished-at="2020-07-09T09:08:11 CDT">
      <class name="ElemntLibrary.storeElement">
        <test-method status="PASS" signature="loginBrowser()[pri:0, instance:ElemntLibrary.storeElement@74294adb]" name="loginBrowser" is-config="true" duration-ms="7653" started-at="2020-07-09T09:07:53 CDT" finished-at="2020-07-09T09:08:00 CDT">
          <reporter-output>
          </reporter-output>
        </test-method> <!-- loginBrowser -->
        <test-method status="PASS" signature="loginSiteDashboard()[pri:0, instance:ElemntLibrary.storeElement@74294adb]" name="loginSiteDashboard" duration-ms="10657" started-at="2020-07-09T09:08:00 CDT" finished-at="2020-07-09T09:08:11 CDT">
          <reporter-output>
          </reporter-output>
        </test-method> <!-- loginSiteDashboard -->
      </class> <!-- ElemntLibrary.storeElement -->
    </test> <!-- Default test -->
  </suite> <!-- Default suite -->
</testng-results>
